<?xml version="1.0" encoding="UTF-8"?>
<!-- Generated by org.testng.reporters.JUnitReportReporter -->
<testsuite skipped="0" hostname="HCL-PC" name="io.branch.start.TestRunner" tests="3" failures="0" timestamp="12 May 2018 08:56:20 GMT" time="74.623" errors="0">
  <testcase name="applicationLogIn" time="18.299" classname="io.branch.start.TestRunner"/>
  <testcase name="businessLogicValidation" time="53.933" classname="io.branch.start.TestRunner"/>
  <testcase name="applicationLogOut" time="2.391" classname="io.branch.start.TestRunner"/>
</testsuite> <!-- io.branch.start.TestRunner -->
