<?xml version="1.0" encoding="UTF-8"?>
<!-- Generated by org.testng.reporters.JUnitReportReporter -->
<testsuite skipped="0" hostname="Donation-THINK" name="com.live.onedrive.start.TestRunner" tests="3" failures="0" timestamp="12 May 2018 19:34:54 GMT" time="154.319" errors="0">
  <testcase name="applicationLogIn" time="29.820" classname="com.live.onedrive.start.TestRunner"/>
  <testcase name="businessLogicValidation" time="118.061" classname="com.live.onedrive.start.TestRunner"/>
  <testcase name="applicationLogOut" time="6.438" classname="com.live.onedrive.start.TestRunner"/>
</testsuite> <!-- com.live.onedrive.start.TestRunner -->
